<?xml version="1.0" encoding="UTF-8"?>
<!-- Generated by org.testng.reporters.JUnitXMLReporter -->
<testsuite ignored="0" hostname="DESKTOP-M2LHE37" failures="0" tests="1" name="Test" time="0.042" errors="0" timestamp="2022-11-13T10:53:45 IST">
  <testcase classname="ExtentDemo.ExtentSingle_Test" name="@BeforeSuite openbrowser" time="0.056">
    <failure type="java.lang.IllegalStateException" message="The driver executable must exist: D:\Software Testing Course\Automation Manual Testing\chromedriver_win32\chromedriver.exe">
      <![CDATA[java.lang.IllegalStateException: The driver executable must exist: D:\Software Testing Course\Automation Manual Testing\chromedriver_win32\chromedriver.exe
at org.openqa.selenium.internal.Require$FileStateChecker.isFile(Require.java:345)
at org.openqa.selenium.remote.service.DriverService.checkExecutable(DriverService.java:160)
at org.openqa.selenium.remote.service.DriverService.findExecutable(DriverService.java:155)
at org.openqa.selenium.chrome.ChromeDriverService.access$000(ChromeDriverService.java:39)
at org.openqa.selenium.chrome.ChromeDriverService$Builder.findDefaultExecutable(ChromeDriverService.java:233)
at org.openqa.selenium.remote.service.DriverService$Builder.build(DriverService.java:450)
at org.openqa.selenium.chrome.ChromeDriverService.createDefaultService(ChromeDriverService.java:128)
at org.openqa.selenium.chrome.ChromeDriver.<init>(ChromeDriver.java:49)
at ExtentDemo.ExtentSingle_Test.openbrowser(ExtentSingle_Test.java:36)
... Removed 17 stack frames]]>
    </failure>
  </testcase> <!-- @BeforeSuite openbrowser -->
  <testcase classname="ExtentDemo.ExtentSingle_Test" name="@BeforeTest url" time="-1.668317025731E9">
    <skipped/>
  </testcase> <!-- @BeforeTest url -->
  <testcase classname="ExtentDemo.ExtentSingle_Test" name="@BeforeClass maximize" time="-1.668317025747E9">
    <skipped/>
  </testcase> <!-- @BeforeClass maximize -->
  <testcase classname="ExtentDemo.ExtentSingle_Test" name="@BeforeMethod getcookies" time="-1.668317025758E9">
    <skipped/>
  </testcase> <!-- @BeforeMethod getcookies -->
  <testcase classname="ExtentDemo.ExtentSingle_Test" name="@AfterMethod takescreenshot" time="-1.668317025763E9">
    <skipped/>
  </testcase> <!-- @AfterMethod takescreenshot -->
  <testcase classname="ExtentDemo.ExtentSingle_Test" name="@AfterClass dlcookies" time="-1.668317025765E9">
    <skipped/>
  </testcase> <!-- @AfterClass dlcookies -->
  <testcase classname="ExtentDemo.ExtentSingle_Test" name="@AfterTest dbconnectionclosd" time="-1.668317025768E9">
    <skipped/>
  </testcase> <!-- @AfterTest dbconnectionclosd -->
  <testcase classname="ExtentDemo.ExtentSingle_Test" name="businesslogic_1" time="0.0">
    <skipped/>
  </testcase> <!-- businesslogic_1 -->
</testsuite> <!-- Test -->
